<?xml version="1.0" encoding="UTF-8"?>
<!-- Generated by org.testng.reporters.JUnitReportReporter -->
<testsuite skipped="0" hostname="DESKTOP-V4GQ2UC" name="module6.Prioritization" tests="5" failures="0" timestamp="13 May 2019 03:15:40 GMT" time="0.045" errors="0">
  <testcase name="Vishali" time="0.010" classname="module6.Prioritization"/>
  <testcase name="Naga" time="0.024" classname="module6.Prioritization"/>
  <testcase name="Sudip" time="0.005" classname="module6.Prioritization"/>
  <testcase name="Virendra" time="0.004" classname="module6.Prioritization"/>
  <testcase name="Sachin" time="0.002" classname="module6.Prioritization"/>
</testsuite> <!-- module6.Prioritization -->
