<?xml version="1.0" encoding="UTF-8"?>
<!-- Generated by org.testng.reporters.JUnitReportReporter -->
<testsuite skipped="0" hostname="DESKTOP-V4GQ2UC" name="module7.NewTours" tests="2" failures="0" timestamp="15 May 2019 02:32:12 GMT" time="40.786" errors="0">
  <testcase name="TestLogin" time="19.668" classname="module7.NewTours"/>
  <testcase name="TestLogin" time="21.118" classname="module7.NewTours"/>
</testsuite> <!-- module7.NewTours -->
