<?xml version="1.0" encoding="UTF-8"?>
<!-- Generated by org.testng.reporters.JUnitReportReporter -->
<testsuite skipped="0" hostname="DESKTOP-V4GQ2UC" name="module12.NewTest" tests="1" failures="0" timestamp="20 May 2019 03:00:44 GMT" time="12.227" errors="0">
  <testcase name="TestLogin" time="12.227" classname="module12.NewTest"/>
</testsuite> <!-- module12.NewTest -->
