<?xml version="1.0" encoding="UTF-8"?>
<!-- Generated by org.testng.reporters.JUnitReportReporter -->
<testsuite skipped="0" hostname="DESKTOP-V4GQ2UC" name="module6.DisableEnable" tests="7" failures="0" timestamp="14 May 2019 01:57:57 GMT" time="25.987" errors="0">
  <testcase name="OpenBrowser" time="6.732" classname="module6.DisableEnable"/>
  <testcase name="OpenAUT" time="2.131" classname="module6.DisableEnable"/>
  <testcase name="Login" time="9.630" classname="module6.DisableEnable"/>
  <testcase name="Logout" time="4.741" classname="module6.DisableEnable"/>
  <testcase name="TestRegisterLink" time="1.153" classname="module6.DisableEnable"/>
  <testcase name="TestSupportLink" time="1.145" classname="module6.DisableEnable"/>
  <testcase name="CloseBrowser" time="0.455" classname="module6.DisableEnable"/>
</testsuite> <!-- module6.DisableEnable -->
