<?xml version="1.0" encoding="UTF-8"?>
<!-- Generated by org.testng.reporters.JUnitReportReporter -->
<testsuite skipped="0" hostname="DESKTOP-V4GQ2UC" name="module6.Annotations" tests="2" failures="0" timestamp="13 May 2019 02:25:42 GMT" time="0.013" errors="0">
  <testcase name="Test2" time="0.005" classname="module6.Annotations"/>
  <testcase name="Test1" time="0.008" classname="module6.Annotations"/>
</testsuite> <!-- module6.Annotations -->
