<?xml version="1.0" encoding="UTF-8"?>
<!-- Generated by org.testng.reporters.JUnitReportReporter -->
<testsuite skipped="0" hostname="DESKTOP-V4GQ2UC" name="module6.NewTest" tests="1" failures="0" timestamp="13 May 2019 02:42:58 GMT" time="35.189" errors="0">
  <testcase name="TestLogin" time="35.189" classname="module6.NewTest"/>
</testsuite> <!-- module6.NewTest -->
