<?xml version="1.0" encoding="UTF-8"?>
<!-- Generated by org.testng.reporters.JUnitReportReporter -->
<testsuite skipped="0" hostname="DESKTOP-V4GQ2UC" name="module12.NewTest2" tests="1" failures="0" timestamp="20 May 2019 03:08:25 GMT" time="13.047" errors="0">
  <testcase name="TestLogin" time="13.047" classname="module12.NewTest2"/>
</testsuite> <!-- module12.NewTest2 -->
