<?xml version="1.0" encoding="UTF-8"?>
<!-- Generated by org.testng.reporters.JUnitReportReporter -->
<testsuite skipped="0" hostname="DESKTOP-V4GQ2UC" name="module6.Scenario3" tests="2" failures="0" timestamp="14 May 2019 03:15:40 GMT" time="14.357" errors="0">
  <testcase name="login_TestCase" time="3.384" classname="module6.Scenario3"/>
  <testcase name="login_TestCase" time="10.973" classname="module6.Scenario3"/>
</testsuite> <!-- module6.Scenario3 -->
