<?xml version="1.0" encoding="UTF-8"?>
<!-- Generated by org.testng.reporters.JUnitReportReporter -->
<testsuite skipped="0" hostname="DESKTOP-V4GQ2UC" name="module6.Grouping" tests="9" failures="0" timestamp="14 May 2019 02:18:53 GMT" time="0.068" errors="0">
  <testcase name="TC2" time="0.003" classname="module6.Grouping"/>
  <testcase name="TC8" time="0.004" classname="module6.Grouping"/>
  <testcase name="TC6" time="0.003" classname="module6.Grouping"/>
  <testcase name="TC1" time="0.025" classname="module6.Grouping"/>
  <testcase name="TC7" time="0.005" classname="module6.Grouping"/>
  <testcase name="TC4" time="0.007" classname="module6.Grouping"/>
  <testcase name="TC9" time="0.006" classname="module6.Grouping"/>
  <testcase name="TC5" time="0.006" classname="module6.Grouping"/>
  <testcase name="TC3" time="0.009" classname="module6.Grouping"/>
</testsuite> <!-- module6.Grouping -->
