<?xml version="1.0" encoding="UTF-8"?>
<!-- Generated by org.testng.reporters.JUnitReportReporter -->
<testsuite skipped="0" hostname="DESKTOP-V4GQ2UC" name="module6.Sequencing" tests="5" failures="0" timestamp="13 May 2019 03:03:47 GMT" time="0.029" errors="0">
  <testcase name="Sachin" time="0.003" classname="module6.Sequencing"/>
  <testcase name="Vishali" time="0.007" classname="module6.Sequencing"/>
  <testcase name="Sudip" time="0.002" classname="module6.Sequencing"/>
  <testcase name="Naga" time="0.015" classname="module6.Sequencing"/>
  <testcase name="Virendra" time="0.002" classname="module6.Sequencing"/>
</testsuite> <!-- module6.Sequencing -->
